<?xml version="1.0" encoding="UTF-8"?>
<!-- Generated by org.testng.reporters.JUnitReportReporter -->
<testsuite name="com.w2a.testcases.LoginTest" tests="1" time="3.126" ignored="0" failures="0" timestamp="23 Jan 2020 00:38:55 GMT" skipped="0" hostname="schakrab2l5" errors="0">
  <testcase name="loginAsBankManager" time="3.126" classname="com.w2a.testcases.LoginTest"/>
</testsuite> <!-- com.w2a.testcases.LoginTest -->
