<?xml version="1.0" encoding="UTF-8"?>
<!-- Generated by org.testng.reporters.JUnitReportReporter -->
<testsuite skipped="0" hostname="schakrab2l5" name="com.w2a.testcases.LoginTest" tests="1" failures="0" timestamp="2020-01-21T15:56:57 IST" time="3.100" errors="0">
  <testcase name="loginAsBankManager" time="3.100" classname="com.w2a.testcases.LoginTest"/>
  <system-out/>
</testsuite> <!-- com.w2a.testcases.LoginTest -->
